<?xml version="1.0" encoding="UTF-8"?>
<!-- Generated by org.testng.reporters.JUnitXMLReporter -->
<testsuite ignored="0" hostname="PM" failures="0" tests="5" name="Test2" time="38.202" errors="0" timestamp="2023-01-25T19:19:59 IST">
  <testcase classname="com.acttime.testscript.DemoOrangeHRM" name="aopenbrowser" time="29.269"/>
  <testcase classname="com.acttime.testscript.DemoOrangeHRM" name="blogin" time="1.444"/>
  <testcase classname="com.acttime.testscript.DemoOrangeHRM" name="cverifyMyInfo" time="5.009"/>
  <testcase classname="com.acttime.testscript.DemoOrangeHRM" name="dlogout" time="2.133"/>
  <testcase classname="com.acttime.testscript.DemoOrangeHRM" name="ecloseBrowser" time="0.328"/>
</testsuite> <!-- Test2 -->
